# JRE version: OpenJDK Runtime Environment (8.0_242-b01) (build 1.8.0_242-release-1644-b01)
# Java VM: OpenJDK 64-Bit Server VM (25.242-b01 mixed mode windows-amd64 compressed oops)
Heap:
 PSYoungGen      total 306688K, used 69072K [0x00000000d5580000, 0x00000000eb500000, 0x0000000100000000)
  eden space 293376K, 19% used [0x00000000d5580000,0x00000000d8c40f30,0x00000000e7400000)
  from space 13312K, 97% used [0x00000000e7c00000,0x00000000e88b3230,0x00000000e8900000)
  to   space 33280K, 0% used [0x00000000e9480000,0x00000000e9480000,0x00000000eb500000)
 ParOldGen       total 347136K, used 72506K [0x0000000080000000, 0x0000000095300000, 0x00000000d5580000)
  object space 347136K, 20% used [0x0000000080000000,0x00000000846ce8b0,0x0000000095300000)
 Metaspace       used 100917K, capacity 107572K, committed 107672K, reserved 1142784K
  class space    used 12734K, capacity 13915K, committed 14000K, reserved 1048576K
GC Heap History (10 events):
Event: 2107.537 GC heap before
{Heap before GC invocations=29 (full 4):
 PSYoungGen      total 363520K, used 351955K [0x00000000d5580000, 0x00000000ee900000, 0x0000000100000000)
  eden space 337408K, 100% used [0x00000000d5580000,0x00000000e9f00000,0x00000000e9f00000)
  from space 26112K, 55% used [0x00000000ecf80000,0x00000000eddb4f60,0x00000000ee900000)
  to   space 37888K, 0% used [0x00000000e9f00000,0x00000000e9f00000,0x00000000ec400000)
 ParOldGen       total 347136K, used 72482K [0x0000000080000000, 0x0000000095300000, 0x00000000d5580000)
  object space 347136K, 20% used [0x0000000080000000,0x00000000846c88b0,0x0000000095300000)
 Metaspace       used 99821K, capacity 106278K, committed 106520K, reserved 1142784K
  class space    used 12687K, capacity 13830K, committed 13872K, reserved 1048576K
Event: 2107.591 GC heap after
Heap after GC invocations=29 (full 4):
 PSYoungGen      total 351232K, used 23094K [0x00000000d5580000, 0x00000000ee080000, 0x0000000100000000)
  eden space 327680K, 0% used [0x00000000d5580000,0x00000000d5580000,0x00000000e9580000)
  from space 23552K, 98% used [0x00000000e9f00000,0x00000000eb58d900,0x00000000eb600000)
  to   space 38400K, 0% used [0x00000000ebb00000,0x00000000ebb00000,0x00000000ee080000)
 ParOldGen       total 347136K, used 72482K [0x0000000080000000, 0x0000000095300000, 0x00000000d5580000)
  object space 347136K, 20% used [0x0000000080000000,0x00000000846c88b0,0x0000000095300000)
 Metaspace       used 99821K, capacity 106278K, committed 106520K, reserved 1142784K
  class space    used 12687K, capacity 13830K, committed 13872K, reserved 1048576K
}
Event: 2217.860 GC heap before
{Heap before GC invocations=30 (full 4):
 PSYoungGen      total 351232K, used 350774K [0x00000000d5580000, 0x00000000ee080000, 0x0000000100000000)
  eden space 327680K, 100% used [0x00000000d5580000,0x00000000e9580000,0x00000000e9580000)
  from space 23552K, 98% used [0x00000000e9f00000,0x00000000eb58d900,0x00000000eb600000)
  to   space 38400K, 0% used [0x00000000ebb00000,0x00000000ebb00000,0x00000000ee080000)
 ParOldGen       total 347136K, used 72482K [0x0000000080000000, 0x0000000095300000, 0x00000000d5580000)
  object space 347136K, 20% used [0x0000000080000000,0x00000000846c88b0,0x0000000095300000)
 Metaspace       used 99962K, capacity 106406K, committed 106520K, reserved 1142784K
  class space    used 12688K, capacity 13830K, committed 13872K, reserved 1048576K
Event: 2217.878 GC heap after
Heap after GC invocations=30 (full 4):
 PSYoungGen      total 345600K, used 10597K [0x00000000d5580000, 0x00000000ed580000, 0x0000000100000000)
  eden space 318464K, 0% used [0x00000000d5580000,0x00000000d5580000,0x00000000e8c80000)
  from space 27136K, 39% used [0x00000000ebb00000,0x00000000ec5597e8,0x00000000ed580000)
  to   space 37376K, 0% used [0x00000000e8c80000,0x00000000e8c80000,0x00000000eb100000)
 ParOldGen       total 347136K, used 72490K [0x0000000080000000, 0x0000000095300000, 0x00000000d5580000)
  object space 347136K, 20% used [0x0000000080000000,0x00000000846ca8b0,0x0000000095300000)
 Metaspace       used 99962K, capacity 106406K, committed 106520K, reserved 1142784K
  class space    used 12688K, capacity 13830K, committed 13872K, reserved 1048576K
}
Event: 2288.423 GC heap before
{Heap before GC invocations=31 (full 4):
 PSYoungGen      total 345600K, used 329061K [0x00000000d5580000, 0x00000000ed580000, 0x0000000100000000)
  eden space 318464K, 100% used [0x00000000d5580000,0x00000000e8c80000,0x00000000e8c80000)
  from space 27136K, 39% used [0x00000000ebb00000,0x00000000ec5597e8,0x00000000ed580000)
  to   space 37376K, 0% used [0x00000000e8c80000,0x00000000e8c80000,0x00000000eb100000)
 ParOldGen       total 347136K, used 72490K [0x0000000080000000, 0x0000000095300000, 0x00000000d5580000)
  object space 347136K, 20% used [0x0000000080000000,0x00000000846ca8b0,0x0000000095300000)
 Metaspace       used 100325K, capacity 106902K, committed 107032K, reserved 1142784K
  class space    used 12709K, capacity 13870K, committed 13872K, reserved 1048576K
Event: 2288.458 GC heap after
Heap after GC invocations=31 (full 4):
 PSYoungGen      total 326144K, used 15985K [0x00000000d5580000, 0x00000000ec900000, 0x0000000100000000)
  eden space 309760K, 0% used [0x00000000d5580000,0x00000000d5580000,0x00000000e8400000)
  from space 16384K, 97% used [0x00000000e8c80000,0x00000000e9c1c6d8,0x00000000e9c80000)
  to   space 35328K, 0% used [0x00000000ea680000,0x00000000ea680000,0x00000000ec900000)
 ParOldGen       total 347136K, used 72498K [0x0000000080000000, 0x0000000095300000, 0x00000000d5580000)
  object space 347136K, 20% used [0x0000000080000000,0x00000000846cc8b0,0x0000000095300000)
 Metaspace       used 100325K, capacity 106902K, committed 107032K, reserved 1142784K
  class space    used 12709K, capacity 13870K, committed 13872K, reserved 1048576K
}
Event: 2422.236 GC heap before
{Heap before GC invocations=32 (full 4):
 PSYoungGen      total 326144K, used 325739K [0x00000000d5580000, 0x00000000ec900000, 0x0000000100000000)
  eden space 309760K, 99% used [0x00000000d5580000,0x00000000e83fe6d0,0x00000000e8400000)
  from space 16384K, 97% used [0x00000000e8c80000,0x00000000e9c1c6d8,0x00000000e9c80000)
  to   space 35328K, 0% used [0x00000000ea680000,0x00000000ea680000,0x00000000ec900000)
 ParOldGen       total 347136K, used 72498K [0x0000000080000000, 0x0000000095300000, 0x00000000d5580000)
  object space 347136K, 20% used [0x0000000080000000,0x00000000846cc8b0,0x0000000095300000)
 Metaspace       used 100549K, capacity 107050K, committed 107288K, reserved 1142784K
  class space    used 12711K, capacity 13872K, committed 13872K, reserved 1048576K
Event: 2422.251 GC heap after
Heap after GC invocations=32 (full 4):
 PSYoungGen      total 327680K, used 8630K [0x00000000d5580000, 0x00000000ec000000, 0x0000000100000000)
  eden space 301568K, 0% used [0x00000000d5580000,0x00000000d5580000,0x00000000e7c00000)
  from space 26112K, 33% used [0x00000000ea680000,0x00000000eaeed808,0x00000000ec000000)
  to   space 34816K, 0% used [0x00000000e7c00000,0x00000000e7c00000,0x00000000e9e00000)
 ParOldGen       total 347136K, used 72506K [0x0000000080000000, 0x0000000095300000, 0x00000000d5580000)
  object space 347136K, 20% used [0x0000000080000000,0x00000000846ce8b0,0x0000000095300000)
 Metaspace       used 100549K, capacity 107050K, committed 107288K, reserved 1142784K
  class space    used 12711K, capacity 13872K, committed 13872K, reserved 1048576K
}
Event: 2526.032 GC heap before
{Heap before GC invocations=33 (full 4):
 PSYoungGen      total 327680K, used 310198K [0x00000000d5580000, 0x00000000ec000000, 0x0000000100000000)
  eden space 301568K, 100% used [0x00000000d5580000,0x00000000e7c00000,0x00000000e7c00000)
  from space 26112K, 33% used [0x00000000ea680000,0x00000000eaeed808,0x00000000ec000000)
  to   space 34816K, 0% used [0x00000000e7c00000,0x00000000e7c00000,0x00000000e9e00000)
 ParOldGen       total 347136K, used 72506K [0x0000000080000000, 0x0000000095300000, 0x00000000d5580000)
  object space 347136K, 20% used [0x0000000080000000,0x00000000846ce8b0,0x0000000095300000)
 Metaspace       used 100874K, capacity 107444K, committed 107672K, reserved 1142784K
  class space    used 12734K, capacity 13915K, committed 14000K, reserved 1048576K
Event: 2526.074 GC heap after
Heap after GC invocations=33 (full 4):
 PSYoungGen      total 306688K, used 13004K [0x00000000d5580000, 0x00000000eb500000, 0x0000000100000000)
  eden space 293376K, 0% used [0x00000000d5580000,0x00000000d5580000,0x00000000e7400000)
  from space 13312K, 97% used [0x00000000e7c00000,0x00000000e88b3230,0x00000000e8900000)
  to   space 33280K, 0% used [0x00000000e9480000,0x00000000e9480000,0x00000000eb500000)
 ParOldGen       total 347136K, used 72506K [0x0000000080000000, 0x0000000095300000, 0x00000000d5580000)
  object space 347136K, 20% used [0x0000000080000000,0x00000000846ce8b0,0x0000000095300000)
 Metaspace       used 100874K, capacity 107444K, committed 107672K, reserved 1142784K
  class space    used 12734K, capacity 13915K, committed 14000K, reserved 1048576K
}

